# Derivatives solution step at time 0 performed in 1 iterations with 1.38734e-08 error
# Key for lines starting with "Step":
# Step Time TStep NIter ResErr SolErr SolConv Out
Step 0 0 0 1 1.38734e-08 0 0 1
Step 1 0.001 0.001 1 0 0 0 1
Step 2 0.002 0.001 0 1.38734e-08 0 0 1
Step 3 0.003 0.001 0 2.77469e-08 0 0 1
Step 4 0.004 0.001 0 4.16203e-08 0 0 1
Step 5 0.005 0.001 0 5.54937e-08 0 0 1
Step 6 0.006 0.001 0 6.93672e-08 0 0 1
Step 7 0.007 0.001 0 8.32406e-08 0 0 1
Step 8 0.008 0.001 0 9.7114e-08 0 0 1
Step 9 0.009 0.001 0 1.10987e-07 0 0 1
Step 10 0.01 0.001 0 1.24861e-07 0 0 1
Step 11 0.011 0.001 0 1.38734e-07 0 0 1
Step 12 0.012 0.001 0 1.52608e-07 0 0 1
Step 13 0.013 0.001 0 1.66481e-07 0 0 1
Step 14 0.014 0.001 0 1.80355e-07 0 0 1
Step 15 0.015 0.001 0 1.94228e-07 0 0 1
Step 16 0.016 0.001 0 2.08101e-07 0 0 1
Step 17 0.017 0.001 0 2.21975e-07 0 0 1
Step 18 0.018 0.001 0 2.35848e-07 0 0 1
Step 19 0.019 0.001 0 2.49722e-07 0 0 1
Step 20 0.02 0.001 0 2.63595e-07 0 0 1
Step 21 0.021 0.001 0 2.7747e-07 0 0 1
Step 22 0.022 0.001 0 2.91341e-07 0 0 1
Step 23 0.023 0.001 0 3.05218e-07 0 0 1
Step 24 0.024 0.001 0 3.19084e-07 0 0 1
Step 25 0.025 0.001 0 3.32972e-07 0 0 1
Step 26 0.026 0.001 0 3.46821e-07 0 0 1
Step 27 0.027 0.001 0 3.6074e-07 0 0 1
Step 28 0.028 0.001 0 3.7454e-07 0 0 1
Step 29 0.029 0.001 0 3.88562e-07 0 0 1
Step 30 0.03 0.001 0 4.02225e-07 0 0 1
Step 31 0.031 0.001 0 4.16602e-07 0 0 1
Step 32 0.032 0.001 0 4.29963e-07 0 0 1
Step 33 0.033 0.001 0 4.45714e-07 0 0 1
Step 34 0.034 0.001 0 4.58974e-07 0 0 1
Step 35 0.035 0.001 0 4.80986e-07 0 0 1
Step 36 0.036 0.001 0 4.99793e-07 0 0 1
Step 37 0.037 0.001 0 5.54277e-07 0 0 1
Step 38 0.038 0.001 0 6.24917e-07 0 0 1
Step 39 0.039 0.001 0 8.30843e-07 0 0 1
Step 40 0.04 0.001 1 1.39561e-16 0 0 1
Step 41 0.041 0.001 1 3.4172e-16 0 0 1
Step 42 0.042 0.001 0 8.49013e-07 0 0 1
Step 43 0.043 0.001 0 2.83705e-07 0 0 1
Step 44 0.044 0.001 1 1.37661e-16 0 0 1
Step 45 0.045 0.001 0 6.21338e-08 0 0 1
Step 46 0.046 0.001 0 4.94708e-07 0 0 1
Step 47 0.047 0.001 0 3.10477e-07 0 0 1
Step 48 0.048 0.001 1 1.81847e-17 0 0 1
Step 49 0.049 0.001 0 2.84535e-07 0 0 1
Step 50 0.05 0.001 0 4.23598e-07 0 0 1
Step 51 0.051 0.001 0 5.23257e-07 0 0 1
Step 52 0.052 0.001 1 9.11425e-17 0 0 1
Step 53 0.053 0.001 1 2.91793e-17 0 0 1
Step 54 0.054 0.001 0 3.73837e-07 0 0 1
Step 55 0.055 0.001 0 1.24924e-07 0 0 1
Step 56 0.056 0.001 0 9.152e-07 0 0 1
Step 57 0.057 0.001 0 2.6841e-08 0 0 1
Step 58 0.058 0.001 1 1.07345e-16 0 0 1
Step 59 0.059 0.001 0 9.5093e-07 0 0 1
Step 60 0.06 0.001 0 2.72938e-07 0 0 1
Step 61 0.061 0.001 1 2.09167e-16 0 0 1
Step 62 0.062 0.001 0 1.79364e-07 0 0 1
Step 63 0.063 0.001 0 5.15902e-07 0 0 1
Step 64 0.064 0.001 0 5.91458e-07 0 0 1
Step 65 0.065 0.001 1 7.31195e-17 0 0 1
Step 66 0.066 0.001 0 8.88203e-07 0 0 1
Step 67 0.067 0.001 0 6.91321e-07 0 0 1
Step 68 0.068 0.001 1 7.82605e-17 0 0 1
Step 69 0.069 0.001 1 2.04834e-16 0 0 1
Step 70 0.07 0.001 0 3.26345e-07 0 0 1
Step 71 0.071 0.001 0 1.09053e-07 0 0 1
Step 72 0.072 0.001 0 7.98939e-07 0 0 1
Step 73 0.073 0.001 0 2.34339e-08 0 0 1
Step 74 0.074 0.001 1 9.85842e-17 0 0 1
Step 75 0.075 0.001 0 8.30143e-07 0 0 1
Step 76 0.076 0.001 0 2.38262e-07 0 0 1
Step 77 0.077 0.001 1 8.84763e-17 0 0 1
Step 78 0.078 0.001 0 1.56597e-07 0 0 1
Step 79 0.079 0.001 0 4.50369e-07 0 0 1
Step 80 0.08 0.001 0 5.16369e-07 0 0 1
Step 81 0.081 0.001 0 9.6324e-07 0 0 1
Step 82 0.082 0.001 0 7.76007e-07 0 0 1
Step 83 0.083 0.001 1 3.39836e-17 0 0 1
Step 84 0.084 0.001 0 7.5394e-07 0 0 1
Step 85 0.085 0.001 1 3.9008e-18 0 0 1
Step 86 0.086 0.001 1 1.00279e-16 0 0 1
Step 87 0.087 0.001 0 7.8818e-07 0 0 1
Step 88 0.088 0.001 0 2.63398e-07 0 0 1
Step 89 0.089 0.001 1 1.74508e-16 0 0 1
Step 90 0.09 0.001 0 5.76721e-08 0 0 1
Step 91 0.091 0.001 0 4.59355e-07 0 0 1
Step 92 0.092 0.001 0 2.88263e-07 0 0 1
Step 93 0.093 0.001 1 4.61649e-17 0 0 1
Step 94 0.094 0.001 0 2.64148e-07 0 0 1
Step 95 0.095 0.001 0 3.93356e-07 0 0 1
Step 96 0.096 0.001 0 4.8577e-07 0 0 1
Step 97 0.097 0.001 1 8.74594e-17 0 0 1
Step 98 0.098 0.001 1 1.19127e-16 0 0 1
Step 99 0.099 0.001 0 3.4707e-07 0 0 1
Step 100 0.1 0.001 0 1.15989e-07 0 0 1
Step 101 0.101 0.001 0 8.49744e-07 0 0 1
Step 102 0.102 0.001 0 2.4905e-08 0 0 1
Step 103 0.103 0.001 1 2.62553e-17 0 0 1
Step 104 0.104 0.001 0 8.82997e-07 0 0 1
Step 105 0.105 0.001 0 2.53494e-07 0 0 1
Step 106 0.106 0.001 1 2.56089e-16 0 0 1
Step 107 0.107 0.001 0 1.66478e-07 0 0 1
Step 108 0.108 0.001 0 4.79172e-07 0 0 1
Step 109 0.109 0.001 0 5.49118e-07 0 0 1
Step 110 0.11 0.001 1 1.16089e-16 0 0 1
Step 111 0.111 0.001 0 8.24519e-07 0 0 1
Step 112 0.112 0.001 0 6.41967e-07 0 0 1
Step 113 0.113 0.001 1 2.04856e-16 0 0 1
Step 114 0.114 0.001 1 2.45056e-16 0 0 1
Step 115 0.115 0.001 0 3.03162e-07 0 0 1
Step 116 0.116 0.001 0 1.01313e-07 0 0 1
Step 117 0.117 0.001 0 7.42246e-07 0 0 1
Step 118 0.118 0.001 0 2.17628e-08 0 0 1
Step 119 0.119 0.001 1 7.22175e-18 0 0 1
Step 120 0.12 0.001 0 7.71315e-07 0 0 1
Step 121 0.121 0.001 0 2.21417e-07 0 0 1
Step 122 0.122 0.001 1 2.0385e-16 0 0 1
Step 123 0.123 0.001 0 1.45461e-07 0 0 1
Step 124 0.124 0.001 0 4.18556e-07 0 0 1
Step 125 0.125 0.001 0 4.79754e-07 0 0 1
Step 126 0.126 0.001 0 8.95345e-07 0 0 1
Step 127 0.127 0.001 0 7.20947e-07 0 0 1
Step 128 0.128 0.001 1 9.71351e-17 0 0 1
Step 129 0.129 0.001 0 7.00151e-07 0 0 1
Step 130 0.13 0.001 0 9.70772e-07 0 0 1
Step 131 0.131 0.001 1 1.56209e-16 0 0 1
Step 132 0.132 0.001 1 4.49291e-16 0 0 1
Step 133 0.133 0.001 0 6.21154e-07 0 0 1
Step 134 0.134 0.001 0 2.07582e-07 0 0 1
Step 135 0.135 0.001 1 1.81904e-16 0 0 1
Step 136 0.136 0.001 0 4.54561e-08 0 0 1
Step 137 0.137 0.001 0 3.62027e-07 0 0 1
Step 138 0.138 0.001 0 2.27198e-07 0 0 1
Step 139 0.139 0.001 0 8.45916e-07 0 0 1
Step 140 0.14 0.001 0 2.08691e-07 0 0 1
Step 141 0.141 0.001 1 1.19605e-17 0 0 1
Step 142 0.142 0.001 0 3.69763e-07 0 0 1
Step 143 0.143 0.001 0 4.72237e-07 0 0 1
Step 144 0.144 0.001 1 1.63843e-17 0 0 1
Step 145 0.145 0.001 0 8.26619e-07 0 0 1
Step 146 0.146 0.001 0 5.12803e-07 0 0 1
Step 147 0.147 0.001 1 5.70361e-17 0 0 1
Step 148 0.148 0.001 1 1.43452e-16 0 0 1
Step 149 0.149 0.001 0 1.92218e-07 0 0 1
Step 150 0.15 0.001 0 6.42321e-08 0 0 1
Step 151 0.151 0.001 0 4.70607e-07 0 0 1
Step 152 0.152 0.001 0 1.38126e-08 0 0 1
Step 153 0.153 0.001 0 9.87699e-07 0 0 1
Step 154 0.154 0.001 0 4.88497e-07 0 0 1
Step 155 0.155 0.001 1 2.65208e-16 0 0 1
Step 156 0.156 0.001 1 1.01621e-16 0 0 1
Step 157 0.157 0.001 0 1.2611e-07 0 0 1
Step 158 0.158 0.001 0 4.21412e-08 0 0 1
Step 159 0.159 0.001 0 3.08756e-07 0 0 1
Step 160 0.16 0.001 0 9.05972e-09 0 0 1
Step 161 0.161 0.001 0 6.48015e-07 0 0 1
Step 162 0.162 0.001 0 3.20492e-07 0 0 1
Step 163 0.163 0.001 1 5.08907e-19 0 0 1
Step 164 0.164 0.001 1 7.80807e-17 0 0 1
Step 165 0.165 0.001 0 8.27357e-08 0 0 1
Step 166 0.166 0.001 0 2.76466e-08 0 0 1
Step 167 0.167 0.001 0 2.02565e-07 0 0 1
Step 168 0.168 0.001 0 5.94897e-09 0 0 1
Step 169 0.169 0.001 0 4.25149e-07 0 0 1
Step 170 0.17 0.001 0 2.1028e-07 0 0 1
Step 171 0.171 0.001 0 9.33099e-07 0 0 1
Step 172 0.172 0.001 0 8.89895e-07 0 0 1
Step 173 0.173 0.001 1 2.64488e-16 0 0 1
Step 174 0.174 0.001 1 3.3333e-16 0 0 1
Step 175 0.175 0.001 0 5.2172e-07 0 0 1
Step 176 0.176 0.001 0 1.74344e-07 0 0 1
Step 177 0.177 0.001 1 5.60383e-17 0 0 1
Step 178 0.178 0.001 0 3.81929e-08 0 0 1
Step 179 0.179 0.001 0 3.04066e-07 0 0 1
Step 180 0.18 0.001 0 1.90855e-07 0 0 1
Step 181 0.181 0.001 0 7.1047e-07 0 0 1
Step 182 0.182 0.001 0 1.75346e-07 0 0 1
Step 183 0.183 0.001 1 1.34864e-16 0 0 1
Step 184 0.184 0.001 0 3.10395e-07 0 0 1
Step 185 0.185 0.001 0 3.96682e-07 0 0 1
Step 186 0.186 0.001 0 8.57822e-07 0 0 1
Step 187 0.187 0.001 0 6.9502e-07 0 0 1
Step 188 0.188 0.001 1 2.66639e-17 0 0 1
Step 189 0.189 0.001 0 7.16228e-07 0 0 1
Step 190 0.19 0.001 0 9.22014e-07 0 0 1
Step 191 0.191 0.001 1 1.06503e-17 0 0 1
Step 192 0.192 0.001 1 3.93883e-16 0 0 1
Step 193 0.193 0.001 0 5.74642e-07 0 0 1
Step 194 0.194 0.001 0 1.92022e-07 0 0 1
Step 195 0.195 0.001 1 1.68299e-16 0 0 1
Step 196 0.196 0.001 0 4.20764e-08 0 0 1
Step 197 0.197 0.001 0 3.3489e-07 0 0 1
Step 198 0.198 0.001 0 2.10225e-07 0 0 1
Step 199 0.199 0.001 0 7.82464e-07 0 0 1
Step 200 0.2 0.001 0 1.93162e-07 0 0 1
Step 201 0.201 0.001 1 1.4607e-16 0 0 1
Step 202 0.202 0.001 0 3.41726e-07 0 0 1
Step 203 0.203 0.001 0 4.36907e-07 0 0 1
Step 204 0.204 0.001 0 9.44457e-07 0 0 1
Step 205 0.205 0.001 0 7.65602e-07 0 0 1
Step 206 0.206 0.001 1 6.05863e-17 0 0 1
Step 207 0.207 0.001 0 7.89391e-07 0 0 1
Step 208 0.208 0.001 1 1.12999e-16 0 0 1
Step 209 0.209 0.001 1 6.78714e-17 0 0 1
Step 210 0.21 0.001 0 8.16601e-07 0 0 1
Step 211 0.211 0.001 0 2.72889e-07 0 0 1
Step 212 0.212 0.001 1 3.40749e-17 0 0 1
Step 213 0.213 0.001 0 5.97779e-08 0 0 1
Step 214 0.214 0.001 0 4.75948e-07 0 0 1
Step 215 0.215 0.001 0 2.98732e-07 0 0 1
Step 216 0.216 0.001 1 2.58913e-16 0 0 1
Step 217 0.217 0.001 0 2.73821e-07 0 0 1
Step 218 0.218 0.001 0 4.07652e-07 0 0 1
Step 219 0.219 0.001 0 5.03632e-07 0 0 1
Step 220 0.22 0.001 1 1.00829e-16 0 0 1
Step 221 0.221 0.001 1 1.99734e-16 0 0 1
Step 222 0.222 0.001 0 3.59895e-07 0 0 1
Step 223 0.223 0.001 0 1.2027e-07 0 0 1
Step 224 0.224 0.001 0 8.81188e-07 0 0 1
Step 225 0.225 0.001 0 2.58563e-08 0 0 1
Step 226 0.226 0.001 1 2.21527e-16 0 0 1
Step 227 0.227 0.001 0 9.15793e-07 0 0 1
Step 228 0.228 0.001 0 2.62848e-07 0 0 1
Step 229 0.229 0.001 1 4.0192e-17 0 0 1
Step 230 0.23 0.001 0 1.72826e-07 0 0 1
Step 231 0.231 0.001 0 4.96946e-07 0 0 1
Step 232 0.232 0.001 0 5.6991e-07 0 0 1
Step 233 0.233 0.001 1 1.80962e-16 0 0 1
Step 234 0.234 0.001 0 8.56078e-07 0 0 1
Step 235 0.235 0.001 0 6.66235e-07 0 0 1
Step 236 0.236 0.001 1 1.94237e-17 0 0 1
Step 237 0.237 0.001 1 1.36362e-16 0 0 1
Step 238 0.238 0.001 0 3.14519e-07 0 0 1
Step 239 0.239 0.001 0 1.05105e-07 0 0 1
Step 240 0.24 0.001 0 7.70088e-07 0 0 1
Step 241 0.241 0.001 0 2.26047e-08 0 0 1
Step 242 0.242 0.001 1 2.6015e-16 0 0 1
Step 243 0.243 0.001 0 8.00352e-07 0 0 1
Step 244 0.244 0.001 0 2.29696e-07 0 0 1
Step 245 0.245 0.001 1 1.16083e-16 0 0 1
Step 246 0.246 0.001 0 1.51082e-07 0 0 1
Step 247 0.247 0.001 0 4.34288e-07 0 0 1
Step 248 0.248 0.001 0 4.98162e-07 0 0 1
Step 249 0.249 0.001 0 9.28886e-07 0 0 1
Step 250 0.25 0.001 0 7.48885e-07 0 0 1
Step 251 0.251 0.001 1 8.46559e-17 0 0 1
Step 252 0.252 0.001 0 7.2837e-07 0 0 1
Step 253 0.253 0.001 1 1.52541e-16 0 0 1
Step 254 0.254 0.001 1 5.56002e-18 0 0 1
Step 255 0.255 0.001 0 7.61461e-07 0 0 1
Step 256 0.256 0.001 0 2.54477e-07 0 0 1
Step 257 0.257 0.001 1 1.72466e-16 0 0 1
Step 258 0.258 0.001 0 5.57447e-08 0 0 1
Step 259 0.259 0.001 0 4.4389e-07 0 0 1
Step 260 0.26 0.001 0 2.78613e-07 0 0 1
Step 261 0.261 0.001 1 2.53384e-16 0 0 1
Step 262 0.262 0.001 0 2.55388e-07 0 0 1
Step 263 0.263 0.001 0 3.8025e-07 0 0 1
Step 264 0.264 0.001 0 4.6976e-07 0 0 1
Step 265 0.265 0.001 1 6.1347e-17 0 0 1
Step 266 0.266 0.001 1 1.58597e-17 0 0 1
Step 267 0.267 0.001 0 3.35731e-07 0 0 1
Step 268 0.268 0.001 0 1.12203e-07 0 0 1
Step 269 0.269 0.001 0 8.22088e-07 0 0 1
Step 270 0.27 0.001 0 2.41195e-08 0 0 1
Step 271 0.271 0.001 1 1.41702e-16 0 0 1
Step 272 0.272 0.001 0 8.54473e-07 0 0 1
Step 273 0.273 0.001 0 2.45279e-07 0 0 1
Step 274 0.274 0.001 1 1.74939e-16 0 0 1
Step 275 0.275 0.001 0 1.61234e-07 0 0 1
Step 276 0.276 0.001 0 4.63772e-07 0 0 1
Step 277 0.277 0.001 0 5.31772e-07 0 0 1
Step 278 0.278 0.001 0 9.92133e-07 0 0 1
Step 279 0.279 0.001 0 7.99332e-07 0 0 1
Step 280 0.28 0.001 1 1.32925e-17 0 0 1
Step 281 0.281 0.001 0 7.76961e-07 0 0 1
Step 282 0.282 0.001 1 1.20041e-16 0 0 1
Step 283 0.283 0.001 1 1.77037e-16 0 0 1
Step 284 0.284 0.001 0 8.12455e-07 0 0 1
Step 285 0.285 0.001 0 2.71539e-07 0 0 1
Step 286 0.286 0.001 1 3.9986e-17 0 0 1
Step 287 0.287 0.001 0 5.94704e-08 0 0 1
Step 288 0.288 0.001 0 4.73703e-07 0 0 1
Step 289 0.289 0.001 0 2.97298e-07 0 0 1
Step 290 0.29 0.001 1 2.67478e-17 0 0 1
Step 291 0.291 0.001 0 2.72488e-07 0 0 1
Step 292 0.292 0.001 0 4.05815e-07 0 0 1
Step 293 0.293 0.001 0 5.01222e-07 0 0 1
Step 294 0.294 0.001 1 2.65948e-16 0 0 1
Step 295 0.295 0.001 1 3.01399e-17 0 0 1
Step 296 0.296 0.001 0 3.5823e-07 0 0 1
Step 297 0.297 0.001 0 1.19727e-07 0 0 1
Step 298 0.298 0.001 0 8.77251e-07 0 0 1
Step 299 0.299 0.001 0 2.57319e-08 0 0 1
Step 300 0.3 0.001 1 2.7237e-16 0 0 1
Step 301 0.301 0.001 0 9.119e-07 0 0 1
Step 302 0.302 0.001 0 2.61795e-07 0 0 1
Step 303 0.303 0.001 1 3.93703e-16 0 0 1
Step 304 0.304 0.001 0 1.72061e-07 0 0 1
Step 305 0.305 0.001 0 4.95039e-07 0 0 1
Step 306 0.306 0.001 0 5.67555e-07 0 0 1
Step 307 0.307 0.001 1 2.29302e-16 0 0 1
Step 308 0.308 0.001 0 8.52554e-07 0 0 1
Step 309 0.309 0.001 0 6.63681e-07 0 0 1
Step 310 0.31 0.001 1 3.27144e-17 0 0 1
Step 311 0.311 0.001 1 3.53799e-16 0 0 1
Step 312 0.312 0.001 0 3.13451e-07 0 0 1
Step 313 0.313 0.001 0 1.04769e-07 0 0 1
Step 314 0.314 0.001 0 7.67602e-07 0 0 1
Step 315 0.315 0.001 0 2.24955e-08 0 0 1
Step 316 0.316 0.001 1 1.04397e-16 0 0 1
Step 317 0.317 0.001 0 7.97875e-07 0 0 1
Step 318 0.318 0.001 0 2.29078e-07 0 0 1
Step 319 0.319 0.001 1 7.8011e-19 0 0 1
Step 320 0.32 0.001 0 1.50498e-07 0 0 1
Step 321 0.321 0.001 0 4.33159e-07 0 0 1
Step 322 0.322 0.001 0 4.96484e-07 0 0 1
Step 323 0.323 0.001 0 9.26806e-07 0 0 1
Step 324 0.324 0.001 0 7.46223e-07 0 0 1
Step 325 0.325 0.001 1 1.6939e-16 0 0 1
Step 326 0.326 0.001 0 7.24923e-07 0 0 1
Step 327 0.327 0.001 1 2.50219e-16 0 0 1
Step 328 0.328 0.001 1 9.10041e-17 0 0 1
Step 329 0.329 0.001 0 7.582e-07 0 0 1
Step 330 0.33 0.001 0 2.53413e-07 0 0 1
Step 331 0.331 0.001 1 2.98552e-16 0 0 1
Step 332 0.332 0.001 0 5.55144e-08 0 0 1
Step 333 0.333 0.001 0 4.42138e-07 0 0 1
Step 334 0.334 0.001 0 2.77525e-07 0 0 1
Step 335 0.335 0.001 1 1.99004e-16 0 0 1
Step 336 0.336 0.001 0 2.54428e-07 0 0 1
Step 337 0.337 0.001 0 3.78852e-07 0 0 1
Step 338 0.338 0.001 0 4.68072e-07 0 0 1
Step 339 0.339 0.001 1 6.02921e-17 0 0 1
Step 340 0.34 0.001 1 5.59635e-17 0 0 1
Step 341 0.341 0.001 0 3.34601e-07 0 0 1
Step 342 0.342 0.001 0 1.11836e-07 0 0 1
Step 343 0.343 0.001 0 8.19448e-07 0 0 1
Step 344 0.344 0.001 0 2.40414e-08 0 0 1
Step 345 0.345 0.001 1 2.39039e-16 0 0 1
Step 346 0.346 0.001 0 8.51915e-07 0 0 1
Step 347 0.347 0.001 0 2.44577e-07 0 0 1
Step 348 0.348 0.001 1 6.16833e-17 0 0 1
Step 349 0.349 0.001 0 1.60778e-07 0 0 1
Step 350 0.35 0.001 0 4.62533e-07 0 0 1
Step 351 0.351 0.001 0 5.30338e-07 0 0 1
Step 352 0.352 0.001 0 9.89673e-07 0 0 1
Step 353 0.353 0.001 0 7.97284e-07 0 0 1
Step 354 0.354 0.001 1 1.3306e-16 0 0 1
Step 355 0.355 0.001 0 7.75348e-07 0 0 1
Step 356 0.356 0.001 1 8.71591e-17 0 0 1
Step 357 0.357 0.001 1 1.58969e-16 0 0 1
Step 358 0.358 0.001 0 8.10838e-07 0 0 1
Step 359 0.359 0.001 0 2.71011e-07 0 0 1
Step 360 0.36 0.001 1 2.26624e-16 0 0 1
Step 361 0.361 0.001 0 5.93782e-08 0 0 1
Step 362 0.362 0.001 0 4.72882e-07 0 0 1
Step 363 0.363 0.001 0 2.96831e-07 0 0 1
Step 364 0.364 0.001 1 2.07045e-16 0 0 1
Step 365 0.365 0.001 0 2.72143e-07 0 0 1
Step 366 0.366 0.001 0 4.0525e-07 0 0 1
Step 367 0.367 0.001 0 5.0069e-07 0 0 1
Step 368 0.368 0.001 1 2.73582e-17 0 0 1
Step 369 0.369 0.001 1 2.6047e-16 0 0 1
Step 370 0.37 0.001 0 3.57958e-07 0 0 1
Step 371 0.371 0.001 0 1.19641e-07 0 0 1
Step 372 0.372 0.001 0 8.76705e-07 0 0 1
Step 373 0.373 0.001 0 2.57359e-08 0 0 1
Step 374 0.374 0.001 1 3.27895e-16 0 0 1
Step 375 0.375 0.001 0 9.11537e-07 0 0 1
Step 376 0.376 0.001 0 2.61666e-07 0 0 1
Step 377 0.377 0.001 1 4.37762e-16 0 0 1
Step 378 0.378 0.001 0 1.7215e-07 0 0 1
Step 379 0.379 0.001 0 4.94934e-07 0 0 1
Step 380 0.38 0.001 0 5.67764e-07 0 0 1
Step 381 0.381 0.001 1 1.56386e-16 0 0 1
Step 382 0.382 0.001 0 8.53241e-07 0 0 1
Step 383 0.383 0.001 0 6.63977e-07 0 0 1
Step 384 0.384 0.001 1 1.61151e-16 0 0 1
Step 385 0.385 0.001 1 3.12508e-16 0 0 1
Step 386 0.386 0.001 0 3.13569e-07 0 0 1
Step 387 0.387 0.001 0 1.04803e-07 0 0 1
Step 388 0.388 0.001 0 7.67988e-07 0 0 1
Step 389 0.389 0.001 0 2.25434e-08 0 0 1
Step 390 0.39 0.001 1 2.70101e-16 0 0 1
Step 391 0.391 0.001 0 7.98491e-07 0 0 1
Step 392 0.392 0.001 0 2.29219e-07 0 0 1
Step 393 0.393 0.001 1 5.39516e-17 0 0 1
Step 394 0.394 0.001 0 1.50792e-07 0 0 1
Step 395 0.395 0.001 0 4.33552e-07 0 0 1
Step 396 0.396 0.001 0 4.97336e-07 0 0 1
Step 397 0.397 0.001 0 9.27651e-07 0 0 1
Step 398 0.398 0.001 0 7.47882e-07 0 0 1
Step 399 0.399 0.001 1 3.15078e-16 0 0 1
Step 400 0.4 0.001 0 7.28244e-07 0 0 1
Step 401 0.401 0.001 1 2.69313e-16 0 0 1
Step 402 0.402 0.001 1 1.0726e-16 0 0 1
Step 403 0.403 0.001 0 7.61433e-07 0 0 1
Step 404 0.404 0.001 0 2.54481e-07 0 0 1
Step 405 0.405 0.001 1 1.3115e-16 0 0 1
Step 406 0.406 0.001 0 5.58211e-08 0 0 1
Step 407 0.407 0.001 0 4.4409e-07 0 0 1
Step 408 0.408 0.001 0 2.78891e-07 0 0 1
Step 409 0.409 0.001 1 4.68723e-16 0 0 1
Step 410 0.41 0.001 0 2.55879e-07 0 0 1
Step 411 0.411 0.001 0 3.80732e-07 0 0 1
Step 412 0.412 0.001 0 4.70917e-07 0 0 1
Step 413 0.413 0.001 1 1.34027e-16 0 0 1
Step 414 0.414 0.001 1 4.69497e-16 0 0 1
Step 415 0.415 0.001 0 3.36798e-07 0 0 1
Step 416 0.416 0.001 0 1.12564e-07 0 0 1
Step 417 0.417 0.001 0 8.24904e-07 0 0 1
Step 418 0.418 0.001 0 2.42638e-08 0 0 1
Step 419 0.419 0.001 1 2.26113e-16 0 0 1
Step 420 0.42 0.001 0 8.57809e-07 0 0 1
Step 421 0.421 0.001 0 2.46174e-07 0 0 1
Step 422 0.422 0.001 1 2.15745e-16 0 0 1
Step 423 0.423 0.001 0 1.62191e-07 0 0 1
Step 424 0.424 0.001 0 4.65722e-07 0 0 1
Step 425 0.425 0.001 0 5.34713e-07 0 0 1
Step 426 0.426 0.001 0 9.96342e-07 0 0 1
Step 427 0.427 0.001 0 8.04461e-07 0 0 1
Step 428 0.428 0.001 1 1.13741e-16 0 0 1
Step 429 0.429 0.001 0 7.85147e-07 0 0 1
Step 430 0.43 0.001 1 1.34469e-16 0 0 1
Step 431 0.431 0.001 1 7.11265e-17 0 0 1
Step 432 0.432 0.001 0 8.20563e-07 0 0 1
Step 433 0.433 0.001 0 2.74225e-07 0 0 1
Step 434 0.434 0.001 1 9.86008e-17 0 0 1
Step 435 0.435 0.001 0 6.01762e-08 0 0 1
Step 436 0.436 0.001 0 4.78546e-07 0 0 1
Step 437 0.437 0.001 0 3.00578e-07 0 0 1
Step 438 0.438 0.001 1 7.24525e-17 0 0 1
Step 439 0.439 0.001 0 2.7586e-07 0 0 1
Step 440 0.44 0.001 0 4.10336e-07 0 0 1
Step 441 0.441 0.001 0 5.07762e-07 0 0 1
Step 442 0.442 0.001 1 2.46058e-16 0 0 1
Step 443 0.443 0.001 1 9.14865e-17 0 0 1
Step 444 0.444 0.001 0 3.63202e-07 0 0 1
Step 445 0.445 0.001 0 1.21388e-07 0 0 1
Step 446 0.446 0.001 0 8.89597e-07 0 0 1
Step 447 0.447 0.001 0 2.61851e-08 0 0 1
Step 448 0.448 0.001 1 1.28127e-16 0 0 1
Step 449 0.449 0.001 0 9.25115e-07 0 0 1
Step 450 0.45 0.001 0 2.65427e-07 0 0 1
Step 451 0.451 0.001 1 5.5073e-16 0 0 1
Step 452 0.452 0.001 0 1.75077e-07 0 0 1
Step 453 0.453 0.001 0 5.02205e-07 0 0 1
Step 454 0.454 0.001 0 5.76996e-07 0 0 1
Step 455 0.455 0.001 1 4.84134e-17 0 0 1
Step 456 0.456 0.001 0 8.67854e-07 0 0 1
Step 457 0.457 0.001 0 6.7465e-07 0 0 1
Step 458 0.458 0.001 1 4.1432e-16 0 0 1
Step 459 0.459 0.001 1 5.32888e-16 0 0 1
Step 460 0.46 0.001 0 3.18372e-07 0 0 1
Step 461 0.461 0.001 0 1.06392e-07 0 0 1
Step 462 0.462 0.001 0 7.79782e-07 0 0 1
Step 463 0.463 0.001 0 2.29878e-08 0 0 1
Step 464 0.464 0.001 1 3.96164e-17 0 0 1
Step 465 0.465 0.001 0 8.10997e-07 0 0 1
Step 466 0.466 0.001 0 2.32623e-07 0 0 1
Step 467 0.467 0.001 1 2.52375e-16 0 0 1
Step 468 0.468 0.001 0 1.53641e-07 0 0 1
Step 469 0.469 0.001 0 4.40203e-07 0 0 1
Step 470 0.47 0.001 0 5.06177e-07 0 0 1
Step 471 0.471 0.001 0 9.41481e-07 0 0 1
Step 472 0.472 0.001 0 7.62061e-07 0 0 1
Step 473 0.473 0.001 1 2.08423e-17 0 0 1
Step 474 0.474 0.001 0 7.46371e-07 0 0 1
Step 475 0.475 0.001 1 4.62286e-16 0 0 1
Step 476 0.476 0.001 1 3.52688e-16 0 0 1
Step 477 0.477 0.001 0 7.79477e-07 0 0 1
Step 478 0.478 0.001 0 2.60454e-07 0 0 1
Step 479 0.479 0.001 1 1.85202e-18 0 0 1
Step 480 0.48 0.001 0 5.7234e-08 0 0 1
Step 481 0.481 0.001 0 4.54544e-07 0 0 1
Step 482 0.482 0.001 0 2.85656e-07 0 0 1
Step 483 0.483 0.001 1 9.90496e-18 0 0 1
Step 484 0.484 0.001 0 2.62386e-07 0 0 1
Step 485 0.485 0.001 0 3.89871e-07 0 0 1
Step 486 0.486 0.001 0 4.83118e-07 0 0 1
Step 487 0.487 0.001 1 6.46202e-17 0 0 1
Step 488 0.488 0.001 1 4.22767e-16 0 0 1
Step 489 0.489 0.001 0 3.45704e-07 0 0 1
Step 490 0.49 0.001 0 1.15508e-07 0 0 1
Step 491 0.491 0.001 0 8.46709e-07 0 0 1
Step 492 0.492 0.001 0 2.50481e-08 0 0 1
Step 493 0.493 0.001 1 5.88647e-16 0 0 1
Step 494 0.494 0.001 0 8.80752e-07 0 0 1
Step 495 0.495 0.001 0 2.52474e-07 0 0 1
Step 496 0.496 0.001 1 1.40575e-16 0 0 1
Step 497 0.497 0.001 0 1.67211e-07 0 0 1
Step 498 0.498 0.001 0 4.77883e-07 0 0 1
Step 499 0.499 0.001 0 5.50422e-07 0 0 1
Step 500 0.5 0.001 1 2.1145e-16 0 0 1
Step 501 0.501 0.001 0 8.28865e-07 0 0 1
Step 502 0.502 0.001 0 6.43243e-07 0 0 1
Step 503 0.503 0.001 1 1.45598e-16 0 0 1
Step 504 0.504 0.001 1 2.56693e-16 0 0 1
Step 505 0.505 0.001 0 3.03145e-07 0 0 1
Step 506 0.506 0.001 0 1.01278e-07 0 0 1
Step 507 0.507 0.001 0 7.42481e-07 0 0 1
Step 508 0.508 0.001 0 2.19812e-08 0 0 1
Step 509 0.509 0.001 1 2.62486e-16 0 0 1
Step 510 0.51 0.001 0 7.72364e-07 0 0 1
Step 511 0.511 0.001 0 2.21375e-07 0 0 1
Step 512 0.512 0.001 1 5.88634e-16 0 0 1
Step 513 0.513 0.001 0 1.46709e-07 0 0 1
Step 514 0.514 0.001 0 4.1906e-07 0 0 1
Step 515 0.515 0.001 0 4.82862e-07 0 0 1
Step 516 0.516 0.001 0 8.95851e-07 0 0 1
Step 517 0.517 0.001 0 7.27654e-07 0 0 1
Step 518 0.518 0.001 1 4.20284e-16 0 0 1
Step 519 0.519 0.001 0 7.1604e-07 0 0 1
Step 520 0.52 0.001 0 9.77701e-07 0 0 1
Step 521 0.521 0.001 1 1.60018e-16 0 0 1
Step 522 0.522 0.001 1 8.76219e-16 0 0 1
Step 523 0.523 0.001 0 6.23205e-07 0 0 1
Step 524 0.524 0.001 0 2.08224e-07 0 0 1
Step 525 0.525 0.001 1 5.29568e-16 0 0 1
Step 526 0.526 0.001 0 4.57994e-08 0 0 1
Step 527 0.527 0.001 0 3.63404e-07 0 0 1
Step 528 0.528 0.001 0 2.2847e-07 0 0 1
Step 529 0.529 0.001 0 8.49306e-07 0 0 1
Step 530 0.53 0.001 0 2.10348e-07 0 0 1
Step 531 0.531 0.001 1 2.48404e-16 0 0 1
Step 532 0.532 0.001 0 3.69883e-07 0 0 1
Step 533 0.533 0.001 0 4.75135e-07 0 0 1
Step 534 0.534 0.001 1 3.3477e-16 0 0 1
Step 535 0.535 0.001 0 8.34081e-07 0 0 1
Step 536 0.536 0.001 0 5.15673e-07 0 0 1
Step 537 0.537 0.001 1 8.59985e-17 0 0 1
Step 538 0.538 0.001 1 6.61285e-16 0 0 1
Step 539 0.539 0.001 0 1.92594e-07 0 0 1
Step 540 0.54 0.001 0 6.43513e-08 0 0 1
Step 541 0.541 0.001 0 4.71707e-07 0 0 1
Step 542 0.542 0.001 0 1.39486e-08 0 0 1
Step 543 0.543 0.001 0 9.90453e-07 0 0 1
Step 544 0.544 0.001 0 4.90229e-07 0 0 1
Step 545 0.545 0.001 1 6.09642e-16 0 0 1
Step 546 0.546 0.001 1 2.29923e-17 0 0 1
Step 547 0.547 0.001 0 1.2681e-07 0 0 1
Step 548 0.548 0.001 0 4.23757e-08 0 0 1
Step 549 0.549 0.001 0 3.10597e-07 0 0 1
Step 550 0.55 0.001 0 9.17566e-09 0 0 1
Step 551 0.551 0.001 0 6.52164e-07 0 0 1
Step 552 0.552 0.001 0 3.22781e-07 0 0 1
Step 553 0.553 0.001 1 2.38276e-16 0 0 1
Step 554 0.554 0.001 1 1.52394e-16 0 0 1
Step 555 0.555 0.001 0 8.34821e-08 0 0 1
Step 556 0.556 0.001 0 2.78995e-08 0 0 1
Step 557 0.557 0.001 0 2.04485e-07 0 0 1
Step 558 0.558 0.001 0 6.03082e-09 0 0 1
Step 559 0.559 0.001 0 4.29363e-07 0 0 1
Step 560 0.56 0.001 0 2.12481e-07 0 0 1
Step 561 0.561 0.001 0 9.42784e-07 0 0 1
Step 562 0.562 0.001 0 8.99507e-07 0 0 1
Step 563 0.563 0.001 1 6.93697e-16 0 0 1
Step 564 0.564 0.001 1 4.23476e-16 0 0 1
Step 565 0.565 0.001 0 5.27698e-07 0 0 1
Step 566 0.566 0.001 0 1.76315e-07 0 0 1
Step 567 0.567 0.001 1 2.9282e-16 0 0 1
Step 568 0.568 0.001 0 3.8764e-08 0 0 1
Step 569 0.569 0.001 0 3.07697e-07 0 0 1
Step 570 0.57 0.001 0 1.93418e-07 0 0 1
Step 571 0.571 0.001 0 7.19117e-07 0 0 1
Step 572 0.572 0.001 0 1.78026e-07 0 0 1
Step 573 0.573 0.001 1 4.17916e-16 0 0 1
Step 574 0.574 0.001 0 3.13336e-07 0 0 1
Step 575 0.575 0.001 0 4.02232e-07 0 0 1
Step 576 0.576 0.001 0 8.66807e-07 0 0 1
Step 577 0.577 0.001 0 7.06276e-07 0 0 1
Step 578 0.578 0.001 1 1.00069e-16 0 0 1
Step 579 0.579 0.001 0 7.33722e-07 0 0 1
Step 580 0.58 0.001 0 9.35889e-07 0 0 1
Step 581 0.581 0.001 1 9.04305e-17 0 0 1
Step 582 0.582 0.001 1 4.44749e-16 0 0 1
Step 583 0.583 0.001 0 5.81916e-07 0 0 1
Step 584 0.584 0.001 0 1.94451e-07 0 0 1
Step 585 0.585 0.001 1 4.10228e-16 0 0 1
Step 586 0.586 0.001 0 4.27041e-08 0 0 1
Step 587 0.587 0.001 0 3.39357e-07 0 0 1
Step 588 0.588 0.001 0 2.13201e-07 0 0 1
Step 589 0.589 0.001 0 7.93162e-07 0 0 1
Step 590 0.59 0.001 0 1.96088e-07 0 0 1
Step 591 0.591 0.001 1 3.66928e-16 0 0 1
Step 592 0.592 0.001 0 3.46155e-07 0 0 1
Step 593 0.593 0.001 0 4.43407e-07 0 0 1
Step 594 0.594 0.001 0 9.57282e-07 0 0 1
Step 595 0.595 0.001 0 7.77908e-07 0 0 1
Step 596 0.596 0.001 1 5.52263e-16 0 0 1
Step 597 0.597 0.001 0 8.0551e-07 0 0 1
Step 598 0.598 0.001 1 3.32432e-16 0 0 1
Step 599 0.599 0.001 1 4.03785e-17 0 0 1
Step 600 0.6 0.001 0 8.33052e-07 0 0 1
Step 601 0.601 0.001 0 2.78351e-07 0 0 1
Step 602 0.602 0.001 1 6.14687e-16 0 0 1
Step 603 0.603 0.001 0 6.11788e-08 0 0 1
Step 604 0.604 0.001 0 4.85781e-07 0 0 1
Step 605 0.605 0.001 0 3.05288e-07 0 0 1
Step 606 0.606 0.001 1 2.39937e-16 0 0 1
Step 607 0.607 0.001 0 2.80406e-07 0 0 1
Step 608 0.608 0.001 0 4.16695e-07 0 0 1
Step 609 0.609 0.001 0 5.16287e-07 0 0 1
Step 610 0.61 0.001 1 1.84308e-16 0 0 1
Step 611 0.611 0.001 1 4.92517e-16 0 0 1
Step 612 0.612 0.001 0 3.69427e-07 0 0 1
Step 613 0.613 0.001 0 1.23434e-07 0 0 1
Step 614 0.614 0.001 0 9.04841e-07 0 0 1
Step 615 0.615 0.001 0 2.6765e-08 0 0 1
Step 616 0.616 0.001 1 4.06074e-16 0 0 1
Step 617 0.617 0.001 0 9.41207e-07 0 0 1
Step 618 0.618 0.001 0 2.69767e-07 0 0 1
Step 619 0.619 0.001 1 2.57653e-16 0 0 1
Step 620 0.62 0.001 0 1.78743e-07 0 0 1
Step 621 0.621 0.001 0 5.10658e-07 0 0 1
Step 622 0.622 0.001 0 5.88352e-07 0 0 1
Step 623 0.623 0.001 1 2.107e-16 0 0 1
Step 624 0.624 0.001 0 8.86098e-07 0 0 1
Step 625 0.625 0.001 0 6.87564e-07 0 0 1
Step 626 0.626 0.001 1 1.96245e-16 0 0 1
Step 627 0.627 0.001 1 6.28205e-16 0 0 1
Step 628 0.628 0.001 0 3.23982e-07 0 0 1
Step 629 0.629 0.001 0 1.08245e-07 0 0 1
Step 630 0.63 0.001 0 7.93523e-07 0 0 1
Step 631 0.631 0.001 0 2.3493e-08 0 0 1
Step 632 0.632 0.001 1 1.75529e-16 0 0 1
Step 633 0.633 0.001 0 8.25458e-07 0 0 1
Step 634 0.634 0.001 0 2.36554e-07 0 0 1
Step 635 0.635 0.001 1 1.98618e-16 0 0 1
Step 636 0.636 0.001 0 1.5684e-07 0 0 1
Step 637 0.637 0.001 0 4.47829e-07 0 0 1
Step 638 0.638 0.001 0 5.16168e-07 0 0 1
Step 639 0.639 0.001 0 9.57285e-07 0 0 1
Step 640 0.64 0.001 0 7.77918e-07 0 0 1
Step 641 0.641 0.001 1 3.39211e-17 0 0 1
Step 642 0.642 0.001 0 7.65524e-07 0 0 1
Step 643 0.643 0.001 1 2.79628e-16 0 0 1
Step 644 0.644 0.001 1 1.07306e-16 0 0 1
Step 645 0.645 0.001 0 7.98728e-07 0 0 1
Step 646 0.646 0.001 0 2.66807e-07 0 0 1
Step 647 0.647 0.001 1 7.43766e-17 0 0 1
Step 648 0.648 0.001 0 5.87961e-08 0 0 1
Step 649 0.649 0.001 0 4.65651e-07 0 0 1
Step 650 0.65 0.001 0 2.92971e-07 0 0 1
Step 651 0.651 0.001 1 1.64921e-16 0 0 1
Step 652 0.652 0.001 0 2.69549e-07 0 0 1
Step 653 0.653 0.001 0 3.99722e-07 0 0 1
Step 654 0.654 0.001 0 4.96599e-07 0 0 1
Step 655 0.655 0.001 1 1.87743e-16 0 0 1
Step 656 0.656 0.001 1 3.26189e-16 0 0 1
Step 657 0.657 0.001 0 3.55594e-07 0 0 1
Step 658 0.658 0.001 0 1.18774e-07 0 0 1
Step 659 0.659 0.001 0 8.70894e-07 0 0 1
Step 660 0.66 0.001 0 2.58918e-08 0 0 1
Step 661 0.661 0.001 1 5.55931e-16 0 0 1
Step 662 0.662 0.001 0 9.06127e-07 0 0 1
Step 663 0.663 0.001 0 2.59449e-07 0 0 1
Step 664 0.664 0.001 1 7.2969e-17 0 0 1
Step 665 0.665 0.001 0 1.7268e-07 0 0 1
Step 666 0.666 0.001 0 4.91318e-07 0 0 1
Step 667 0.667 0.001 0 5.67639e-07 0 0 1
Step 668 0.668 0.001 1 2.60746e-16 0 0 1
Step 669 0.669 0.001 0 8.56007e-07 0 0 1
Step 670 0.67 0.001 0 6.62958e-07 0 0 1
Step 671 0.671 0.001 1 6.94034e-17 0 0 1
Step 672 0.672 0.001 1 3.6516e-16 0 0 1
Step 673 0.673 0.001 0 3.11868e-07 0 0 1
Step 674 0.674 0.001 0 1.04158e-07 0 0 1
Step 675 0.675 0.001 0 7.63794e-07 0 0 1
Step 676 0.676 0.001 0 2.27345e-08 0 0 1
Step 677 0.677 0.001 1 1.8442e-16 0 0 1
Step 678 0.678 0.001 0 7.94748e-07 0 0 1
Step 679 0.679 0.001 0 2.27523e-07 0 0 1
Step 680 0.68 0.001 1 1.5942e-17 0 0 1
Step 681 0.681 0.001 0 1.51528e-07 0 0 1
Step 682 0.682 0.001 0 4.30896e-07 0 0 1
Step 683 0.683 0.001 0 4.98044e-07 0 0 1
Step 684 0.684 0.001 0 9.20462e-07 0 0 1
Step 685 0.685 0.001 0 7.51512e-07 0 0 1
Step 686 0.686 0.001 1 5.50642e-16 0 0 1
Step 687 0.687 0.001 0 7.43987e-07 0 0 1
Step 688 0.688 0.001 1 2.51424e-16 0 0 1
Step 689 0.689 0.001 1 2.96674e-16 0 0 1
Step 690 0.69 0.001 0 7.75298e-07 0 0 1
Step 691 0.691 0.001 0 2.58935e-07 0 0 1
Step 692 0.692 0.001 1 3.96457e-16 0 0 1
Step 693 0.693 0.001 0 5.71094e-08 0 0 1
Step 694 0.694 0.001 0 4.51855e-07 0 0 1
Step 695 0.695 0.001 0 2.84371e-07 0 0 1
Step 696 0.696 0.001 1 6.20905e-17 0 0 1
Step 697 0.697 0.001 0 2.61735e-07 0 0 1
Step 698 0.698 0.001 0 3.879e-07 0 0 1
Step 699 0.699 0.001 0 4.82276e-07 0 0 1
Step 700 0.7 0.001 1 3.1487e-16 0 0 1
Step 701 0.701 0.001 1 2.17476e-16 0 0 1
Step 702 0.702 0.001 0 3.4537e-07 0 0 1
Step 703 0.703 0.001 0 1.15333e-07 0 0 1
Step 704 0.704 0.001 0 8.45802e-07 0 0 1
Step 705 0.705 0.001 0 2.52363e-08 0 0 1
Step 706 0.706 0.001 1 1.78489e-16 0 0 1
Step 707 0.707 0.001 0 8.80082e-07 0 0 1
Step 708 0.708 0.001 0 2.51775e-07 0 0 1
Step 709 0.709 0.001 1 7.03872e-16 0 0 1
Step 710 0.71 0.001 0 1.68168e-07 0 0 1
Step 711 0.711 0.001 0 4.76932e-07 0 0 1
Step 712 0.712 0.001 0 5.5224e-07 0 0 1
Step 713 0.713 0.001 1 2.88165e-16 0 0 1
Step 714 0.714 0.001 0 8.33616e-07 0 0 1
Step 715 0.715 0.001 0 6.44623e-07 0 0 1
Step 716 0.716 0.001 1 4.54907e-16 0 0 1
Step 717 0.717 0.001 1 5.21279e-16 0 0 1
Step 718 0.718 0.001 0 3.02833e-07 0 0 1
Step 719 0.719 0.001 0 1.01132e-07 0 0 1
Step 720 0.72 0.001 0 7.41631e-07 0 0 1
Step 721 0.721 0.001 0 2.21131e-08 0 0 1
Step 722 0.722 0.001 1 1.70896e-16 0 0 1
Step 723 0.723 0.001 0 7.71654e-07 0 0 1
Step 724 0.724 0.001 0 2.20789e-07 0 0 1
Step 725 0.725 0.001 1 5.10621e-16 0 0 1
Step 726 0.726 0.001 0 1.47372e-07 0 0 1
Step 727 0.727 0.001 0 4.18197e-07 0 0 1
Step 728 0.728 0.001 0 4.84032e-07 0 0 1
Step 729 0.729 0.001 0 8.93034e-07 0 0 1
Step 730 0.73 0.001 0 7.30783e-07 0 0 1
Step 731 0.731 0.001 1 5.24904e-18 0 0 1
Step 732 0.732 0.001 0 7.25596e-07 0 0 1
Step 733 0.733 0.001 0 9.79559e-07 0 0 1
Step 734 0.734 0.001 1 1.41627e-16 0 0 1
Step 735 0.735 0.001 1 2.63643e-16 0 0 1
Step 736 0.736 0.001 0 6.21808e-07 0 0 1
Step 737 0.737 0.001 0 2.07663e-07 0 0 1
Step 738 0.738 0.001 1 1.66949e-16 0 0 1
Step 739 0.739 0.001 0 4.58103e-08 0 0 1
Step 740 0.74 0.001 0 3.62393e-07 0 0 1
Step 741 0.741 0.001 0 2.28072e-07 0 0 1
Step 742 0.742 0.001 0 8.46691e-07 0 0 1
Step 743 0.743 0.001 0 2.10195e-07 0 0 1
Step 744 0.744 0.001 1 1.24228e-16 0 0 1
Step 745 0.745 0.001 0 3.67535e-07 0 0 1
Step 746 0.746 0.001 0 4.73968e-07 0 0 1
Step 747 0.747 0.001 1 2.89229e-16 0 0 1
Step 748 0.748 0.001 0 8.33284e-07 0 0 1
Step 749 0.749 0.001 0 5.13939e-07 0 0 1
Step 750 0.75 0.001 1 3.13419e-16 0 0 1
Step 751 0.751 0.001 1 4.46611e-16 0 0 1
Step 752 0.752 0.001 0 1.91331e-07 0 0 1
Step 753 0.753 0.001 0 6.39161e-08 0 0 1
Step 754 0.754 0.001 0 4.68591e-07 0 0 1
Step 755 0.755 0.001 0 1.38988e-08 0 0 1
Step 756 0.756 0.001 0 9.83874e-07 0 0 1
Step 757 0.757 0.001 0 4.8709e-07 0 0 1
Step 758 0.758 0.001 1 3.95749e-16 0 0 1
Step 759 0.759 0.001 1 4.77642e-17 0 0 1
Step 760 0.76 0.001 0 1.26066e-07 0 0 1
Step 761 0.761 0.001 0 4.21287e-08 0 0 1
Step 762 0.762 0.001 0 3.0875e-07 0 0 1
Step 763 0.763 0.001 0 9.12499e-09 0 0 1
Step 764 0.764 0.001 0 6.48234e-07 0 0 1
Step 765 0.765 0.001 0 3.20869e-07 0 0 1
Step 766 0.766 0.001 1 2.81753e-16 0 0 1
Step 767 0.767 0.001 1 2.18242e-17 0 0 1
Step 768 0.768 0.001 0 8.30215e-08 0 0 1
Step 769 0.769 0.001 0 2.77286e-08 0 0 1
Step 770 0.77 0.001 0 2.03329e-07 0 0 1
Step 771 0.771 0.001 0 6.03597e-09 0 0 1
Step 772 0.772 0.001 0 4.26919e-07 0 0 1
Step 773 0.773 0.001 0 2.11363e-07 0 0 1
Step 774 0.774 0.001 0 9.37409e-07 0 0 1
Step 775 0.775 0.001 0 8.94558e-07 0 0 1
Step 776 0.776 0.001 1 5.12792e-17 0 0 1
Step 777 0.777 0.001 1 1.20425e-16 0 0 1
Step 778 0.778 0.001 0 5.2479e-07 0 0 1
Step 779 0.779 0.001 0 1.75266e-07 0 0 1
Step 780 0.78 0.001 1 5.2573e-16 0 0 1
Step 781 0.781 0.001 0 3.86598e-08 0 0 1
Step 782 0.782 0.001 0 3.0585e-07 0 0 1
Step 783 0.783 0.001 0 1.92489e-07 0 0 1
Step 784 0.784 0.001 0 7.14594e-07 0 0 1
Step 785 0.785 0.001 0 1.77391e-07 0 0 1
Step 786 0.786 0.001 1 1.04004e-16 0 0 1
Step 787 0.787 0.001 0 3.10252e-07 0 0 1
Step 788 0.788 0.001 0 4.0002e-07 0 0 1
Step 789 0.789 0.001 0 8.58759e-07 0 0 1
Step 790 0.79 0.001 0 7.03479e-07 0 0 1
Step 791 0.791 0.001 1 3.0161e-16 0 0 1
Step 792 0.792 0.001 0 7.35549e-07 0 0 1
Step 793 0.793 0.001 0 9.30486e-07 0 0 1
Step 794 0.794 0.001 1 3.26997e-16 0 0 1
Step 795 0.795 0.001 1 1.91752e-16 0 0 1
Step 796 0.796 0.001 0 5.7674e-07 0 0 1
Step 797 0.797 0.001 0 1.9264e-07 0 0 1
Step 798 0.798 0.001 1 4.30244e-16 0 0 1
Step 799 0.799 0.001 0 4.24584e-08 0 0 1
Step 800 0.8 0.001 0 3.36155e-07 0 0 1
Step 801 0.801 0.001 0 2.1149e-07 0 0 1
Step 802 0.802 0.001 0 7.85444e-07 0 0 1
Step 803 0.803 0.001 0 1.94828e-07 0 0 1
Step 804 0.804 0.001 1 5.2705e-16 0 0 1
Step 805 0.805 0.001 0 3.41283e-07 0 0 1
Step 806 0.806 0.001 0 4.39581e-07 0 0 1
Step 807 0.807 0.001 0 9.44515e-07 0 0 1
Step 808 0.808 0.001 0 7.72726e-07 0 0 1
Step 809 0.809 0.001 1 5.36454e-17 0 0 1
Step 810 0.81 0.001 0 8.06404e-07 0 0 1
Step 811 0.811 0.001 1 3.65087e-16 0 0 1
Step 812 0.812 0.001 1 5.32857e-16 0 0 1
Step 813 0.813 0.001 0 8.32611e-07 0 0 1
Step 814 0.814 0.001 0 2.78044e-07 0 0 1
Step 815 0.815 0.001 1 2.22421e-16 0 0 1
Step 816 0.816 0.001 0 6.14153e-08 0 0 1
Step 817 0.817 0.001 0 4.8523e-07 0 0 1
Step 818 0.818 0.001 0 3.05591e-07 0 0 1
Step 819 0.819 0.001 1 5.93648e-16 0 0 1
Step 820 0.82 0.001 0 2.81531e-07 0 0 1
Step 821 0.821 0.001 0 4.16736e-07 0 0 1
Step 822 0.822 0.001 0 5.18924e-07 0 0 1
Step 823 0.823 0.001 1 1.3495e-16 0 0 1
Step 824 0.824 0.001 1 4.85679e-16 0 0 1
Step 825 0.825 0.001 0 3.71758e-07 0 0 1
Step 826 0.826 0.001 0 1.2412e-07 0 0 1
Step 827 0.827 0.001 0 9.10403e-07 0 0 1
Step 828 0.828 0.001 0 2.7225e-08 0 0 1
Step 829 0.829 0.001 1 2.90311e-17 0 0 1
Step 830 0.83 0.001 0 9.47449e-07 0 0 1
Step 831 0.831 0.001 0 2.70933e-07 0 0 1
Step 832 0.832 0.001 1 8.72115e-16 0 0 1
Step 833 0.833 0.001 0 1.81293e-07 0 0 1
Step 834 0.834 0.001 0 5.13304e-07 0 0 1
Step 835 0.835 0.001 0 5.95091e-07 0 0 1
Step 836 0.836 0.001 1 5.16644e-16 0 0 1
Step 837 0.837 0.001 0 8.98789e-07 0 0 1
Step 838 0.838 0.001 0 6.94482e-07 0 0 1
Step 839 0.839 0.001 1 1.04136e-15 0 0 1
Step 840 0.84 0.001 1 2.3732e-16 0 0 1
Step 841 0.841 0.001 0 3.26036e-07 0 0 1
Step 842 0.842 0.001 0 1.08855e-07 0 0 1
Step 843 0.843 0.001 0 7.98416e-07 0 0 1
Step 844 0.844 0.001 0 2.38642e-08 0 0 1
Step 845 0.845 0.001 1 3.38277e-16 0 0 1
Step 846 0.846 0.001 0 8.30847e-07 0 0 1
Step 847 0.847 0.001 0 2.37609e-07 0 0 1
Step 848 0.848 0.001 1 9.28087e-16 0 0 1
Step 849 0.849 0.001 0 1.58913e-07 0 0 1
Step 850 0.85 0.001 0 4.50162e-07 0 0 1
Step 851 0.851 0.001 0 5.21651e-07 0 0 1
Step 852 0.852 0.001 0 9.60951e-07 0 0 1
Step 853 0.853 0.001 0 7.87954e-07 0 0 1
Step 854 0.854 0.001 1 1.55688e-16 0 0 1
Step 855 0.855 0.001 0 7.83744e-07 0 0 1
Step 856 0.856 0.001 1 4.191e-18 0 0 1
Step 857 0.857 0.001 1 8.23305e-16 0 0 1
Step 858 0.858 0.001 0 8.15887e-07 0 0 1
Step 859 0.859 0.001 0 2.72427e-07 0 0 1
Step 860 0.86 0.001 1 9.99178e-16 0 0 1
Step 861 0.861 0.001 0 6.01663e-08 0 0 1
Step 862 0.862 0.001 0 4.75352e-07 0 0 1
Step 863 0.863 0.001 0 2.99323e-07 0 0 1
Step 864 0.864 0.001 1 7.04996e-16 0 0 1
Step 865 0.865 0.001 0 2.75709e-07 0 0 1
Step 866 0.866 0.001 0 4.08187e-07 0 0 1
Step 867 0.867 0.001 0 5.08137e-07 0 0 1
Step 868 0.868 0.001 1 6.96398e-16 0 0 1
Step 869 0.869 0.001 1 3.02225e-16 0 0 1
Step 870 0.87 0.001 0 3.63963e-07 0 0 1
Step 871 0.871 0.001 0 1.21529e-07 0 0 1
Step 872 0.872 0.001 0 8.91221e-07 0 0 1
Step 873 0.873 0.001 0 2.6648e-08 0 0 1
Step 874 0.874 0.001 1 3.86473e-16 0 0 1
Step 875 0.875 0.001 0 9.27301e-07 0 0 1
Step 876 0.876 0.001 0 2.65116e-07 0 0 1
Step 877 0.877 0.001 1 1.14807e-16 0 0 1
Step 878 0.878 0.001 0 1.77499e-07 0 0 1
Step 879 0.879 0.001 0 5.02259e-07 0 0 1
Step 880 0.88 0.001 0 5.82449e-07 0 0 1
Step 881 0.881 0.001 1 3.44294e-16 0 0 1
Step 882 0.882 0.001 0 8.79774e-07 0 0 1
Step 883 0.883 0.001 0 6.79617e-07 0 0 1
Step 884 0.884 0.001 1 5.74211e-16 0 0 1
Step 885 0.885 0.001 1 1.01456e-16 0 0 1
Step 886 0.886 0.001 0 3.18951e-07 0 0 1
Step 887 0.887 0.001 0 1.06515e-07 0 0 1
Step 888 0.888 0.001 0 7.81033e-07 0 0 1
Step 889 0.889 0.001 0 2.32948e-08 0 0 1
Step 890 0.89 0.001 1 7.8901e-16 0 0 1
Step 891 0.891 0.001 0 8.12512e-07 0 0 1
Step 892 0.892 0.001 0 2.32398e-07 0 0 1
Step 893 0.893 0.001 1 6.10476e-16 0 0 1
Step 894 0.894 0.001 0 1.55275e-07 0 0 1
Step 895 0.895 0.001 0 4.40171e-07 0 0 1
Step 896 0.896 0.001 0 5.09782e-07 0 0 1
Step 897 0.897 0.001 0 9.39659e-07 0 0 1
Step 898 0.898 0.001 0 7.69743e-07 0 0 1
Step 899 0.899 0.001 1 2.80442e-16 0 0 1
Step 900 0.9 0.001 0 7.6489e-07 0 0 1
Step 901 0.901 0.001 1 1.33753e-16 0 0 1
Step 902 0.902 0.001 1 5.28777e-16 0 0 1
Step 903 0.903 0.001 0 7.96221e-07 0 0 1
Step 904 0.904 0.001 0 2.6578e-07 0 0 1
Step 905 0.905 0.001 1 1.00595e-15 0 0 1
Step 906 0.906 0.001 0 5.88725e-08 0 0 1
Step 907 0.907 0.001 0 4.63746e-07 0 0 1
Step 908 0.908 0.001 0 2.92368e-07 0 0 1
Step 909 0.909 0.001 1 3.11659e-16 0 0 1
Step 910 0.91 0.001 0 2.69784e-07 0 0 1
Step 911 0.911 0.001 0 3.98438e-07 0 0 1
Step 912 0.912 0.001 0 4.97531e-07 0 0 1
Step 913 0.913 0.001 1 2.47466e-16 0 0 1
Step 914 0.914 0.001 1 5.9236e-16 0 0 1
Step 915 0.915 0.001 0 3.56609e-07 0 0 1
Step 916 0.916 0.001 0 1.1903e-07 0 0 1
Step 917 0.917 0.001 0 8.73102e-07 0 0 1
Step 918 0.918 0.001 0 2.62277e-08 0 0 1
Step 919 0.919 0.001 1 6.85663e-16 0 0 1
Step 920 0.92 0.001 0 9.08556e-07 0 0 1
Step 921 0.921 0.001 0 2.59493e-07 0 0 1
Step 922 0.922 0.001 1 4.87419e-16 0 0 1
Step 923 0.923 0.001 0 1.74466e-07 0 0 1
Step 924 0.924 0.001 0 4.91744e-07 0 0 1
Step 925 0.925 0.001 0 5.71729e-07 0 0 1
Step 926 0.926 0.001 1 7.4159e-16 0 0 1
Step 927 0.927 0.001 0 8.64553e-07 0 0 1
Step 928 0.928 0.001 0 6.6667e-07 0 0 1
Step 929 0.929 0.001 1 4.27544e-16 0 0 1
Step 930 0.93 0.001 1 7.06196e-16 0 0 1
Step 931 0.931 0.001 0 3.12397e-07 0 0 1
Step 932 0.932 0.001 0 1.04257e-07 0 0 1
Step 933 0.933 0.001 0 7.64877e-07 0 0 1
Step 934 0.934 0.001 0 2.30373e-08 0 0 1
Step 935 0.935 0.001 1 1.76796e-16 0 0 1
Step 936 0.936 0.001 0 7.96086e-07 0 0 1
Step 937 0.937 0.001 0 2.27299e-07 0 0 1
Step 938 0.938 0.001 1 2.66421e-18 0 0 1
Step 939 0.939 0.001 0 1.53017e-07 0 0 1
Step 940 0.94 0.001 0 4.30808e-07 0 0 1
Step 941 0.941 0.001 0 5.0128e-07 0 0 1
Step 942 0.942 0.001 0 9.18634e-07 0 0 1
Step 943 0.943 0.001 0 7.5841e-07 0 0 1
Step 944 0.944 0.001 1 8.56402e-16 0 0 1
Step 945 0.945 0.001 0 7.60702e-07 0 0 1
Step 946 0.946 0.001 1 7.07897e-16 0 0 1
Step 947 0.947 0.001 1 5.47433e-17 0 0 1
Step 948 0.948 0.001 0 7.90369e-07 0 0 1
Step 949 0.949 0.001 0 2.63757e-07 0 0 1
Step 950 0.95 0.001 1 6.02515e-16 0 0 1
Step 951 0.951 0.001 0 5.84939e-08 0 0 1
Step 952 0.952 0.001 0 4.60139e-07 0 0 1
Step 953 0.953 0.001 0 2.90203e-07 0 0 1
Step 954 0.954 0.001 1 6.40324e-16 0 0 1
Step 955 0.955 0.001 0 2.67904e-07 0 0 1
Step 956 0.956 0.001 0 3.95379e-07 0 0 1
Step 957 0.957 0.001 0 4.94116e-07 0 0 1
Step 958 0.958 0.001 1 3.78441e-16 0 0 1
Step 959 0.959 0.001 1 5.32636e-16 0 0 1
Step 960 0.96 0.001 0 3.54193e-07 0 0 1
Step 961 0.961 0.001 0 1.18197e-07 0 0 1
Step 962 0.962 0.001 0 8.67093e-07 0 0 1
Step 963 0.963 0.001 0 2.61328e-08 0 0 1
Step 964 0.964 0.001 1 6.45159e-16 0 0 1
Step 965 0.965 0.001 0 9.02289e-07 0 0 1
Step 966 0.966 0.001 0 2.57491e-07 0 0 1
Step 967 0.967 0.001 1 9.67568e-16 0 0 1
Step 968 0.968 0.001 0 1.73681e-07 0 0 1
Step 969 0.969 0.001 0 4.88048e-07 0 0 1
Step 970 0.97 0.001 0 5.68601e-07 0 0 1
Step 971 0.971 0.001 1 3.1549e-16 0 0 1
Step 972 0.972 0.001 0 8.6059e-07 0 0 1
Step 973 0.973 0.001 0 6.62627e-07 0 0 1
Step 974 0.974 0.001 1 3.64373e-16 0 0 1
Step 975 0.975 0.001 1 1.08325e-16 0 0 1
Step 976 0.976 0.001 0 3.10082e-07 0 0 1
Step 977 0.977 0.001 0 1.03504e-07 0 0 1
Step 978 0.978 0.001 0 7.59141e-07 0 0 1
Step 979 0.979 0.001 0 2.28034e-08 0 0 1
Step 980 0.98 0.001 1 7.83875e-17 0 0 1
Step 981 0.981 0.001 0 7.89822e-07 0 0 1
Step 982 0.982 0.001 0 2.25502e-07 0 0 1
Step 983 0.983 0.001 1 1.0325e-15 0 0 1
Step 984 0.984 0.001 0 1.51757e-07 0 0 1
Step 985 0.985 0.001 0 4.27293e-07 0 0 1
Step 986 0.986 0.001 0 4.97117e-07 0 0 1
Step 987 0.987 0.001 0 9.11055e-07 0 0 1
Step 988 0.988 0.001 0 7.52007e-07 0 0 1
Step 989 0.989 0.001 1 6.19819e-16 0 0 1
Step 990 0.99 0.001 0 7.54063e-07 0 0 1
Step 991 0.991 0.001 1 5.36533e-16 0 0 1
Step 992 0.992 0.001 1 2.73306e-16 0 0 1
Step 993 0.993 0.001 0 7.83304e-07 0 0 1
Step 994 0.994 0.001 0 2.61326e-07 0 0 1
Step 995 0.995 0.001 1 2.09493e-16 0 0 1
Step 996 0.996 0.001 0 5.80752e-08 0 0 1
Step 997 0.997 0.001 0 4.55848e-07 0 0 1
Step 998 0.998 0.001 0 2.87762e-07 0 0 1
Step 999 0.999 0.001 1 2.07698e-16 0 0 1
Step 1000 1 0.001 0 2.6601e-07 0 0 1
